Using pre-set license
Built from '2020.2/release' branch; Version is '2020.2.1f1 (270dd8c3da1c) revision 2559448'; Using compiler version '192528614'; Build Type 'Release'
OS: 'Windows 10  (10.0.0) 64bit' Language: 'es' Physical Memory: 16269 MB
BatchMode: 1, IsHumanControllingUs: 0, StartBugReporterOnCrash: 0, Is64bit: 1, IsPro: 0

 COMMAND LINE ARGUMENTS:
C:\Program Files\Unity\Hub\Editor\2020.2.1f1\Editor\Unity.exe
-adb2
-batchMode
-noUpm
-name
AssetImportWorker0
-projectPath
D:/Saniser/Documents/GitHub/BoardWarriorsOnline
-logFile
Logs/AssetImportWorker0.log
-srvPort
51777
Successfully changed project path to: D:/Saniser/Documents/GitHub/BoardWarriorsOnline
D:/Saniser/Documents/GitHub/BoardWarriorsOnline
Using Asset Import Pipeline V2.
Refreshing native plugins compatible for Editor in 29.69 ms, found 0 plugins.
Preloading 0 native plugins for Editor in 0.00 ms.
Initialize engine version: 2020.2.1f1 (270dd8c3da1c)
[Subsystems] Discovering subsystems at path C:/Program Files/Unity/Hub/Editor/2020.2.1f1/Editor/Data/Resources/UnitySubsystems
[Subsystems] Discovering subsystems at path D:/Saniser/Documents/GitHub/BoardWarriorsOnline/Assets
GfxDevice: creating device client; threaded=0
Direct3D:
    Version:  Direct3D 11.0 [level 11.1]
    Renderer: NVIDIA GeForce GTX 1050 Ti (ID=0x1c8c)
    Vendor:   
    VRAM:     4018 MB
    Driver:   24.21.13.9907
Initialize mono
Mono path[0] = 'C:/Program Files/Unity/Hub/Editor/2020.2.1f1/Editor/Data/Managed'
Mono path[1] = 'C:/Program Files/Unity/Hub/Editor/2020.2.1f1/Editor/Data/MonoBleedingEdge/lib/mono/unityjit'
Mono config path = 'C:/Program Files/Unity/Hub/Editor/2020.2.1f1/Editor/Data/MonoBleedingEdge/etc'
Using monoOptions --debugger-agent=transport=dt_socket,embedding=1,server=y,suspend=n,address=127.0.0.1:56132
Begin MonoManager ReloadAssembly
Registering precompiled unity dll's ...
Register platform support module: C:/Program Files/Unity/Hub/Editor/2020.2.1f1/Editor/Data/PlaybackEngines/WindowsStandaloneSupport/UnityEditor.WindowsStandalone.Extensions.dll
Registered in 0.002613 seconds.
Native extension for WindowsStandalone target not found
Refreshing native plugins compatible for Editor in 30.98 ms, found 0 plugins.
Preloading 0 native plugins for Editor in 0.00 ms.
Invoked RoslynAnalysisRunner static constructor.
RoslynAnalysisRunner will not be running.
RoslynAnalysisRunner has terminated.
Mono: successfully reloaded assembly
- Completed reload, in  2.610 seconds
Platform modules already initialized, skipping
Registering precompiled user dll's ...
Registered in 0.002470 seconds.
Begin MonoManager ReloadAssembly
Native extension for WindowsStandalone target not found
Refreshing native plugins compatible for Editor in 0.28 ms, found 0 plugins.
Preloading 0 native plugins for Editor in 0.00 ms.
Invoked RoslynAnalysisRunner static constructor.
RoslynAnalysisRunner will not be running.
RoslynAnalysisRunner has terminated.
Find all reader and writers took 110 milliseconds
Script Module: SimpleWebTransport.dll
Weave behaviours and messages took21 milliseconds
Find all reader and writers took 82 milliseconds
Script Module: UnityEngine.TestRunner.dll
Weave behaviours and messages took33 milliseconds
Find all reader and writers took 70 milliseconds
Script Module: UnityEngine.UI.dll
Weave behaviours and messages took90 milliseconds
Find all reader and writers took 69 milliseconds
Script Module: Mirror.Cloud.dll
Weave behaviours and messages took3 milliseconds
Find all reader and writers took 101 milliseconds
Script Module: Unity.Timeline.dll
Weave behaviours and messages took56 milliseconds
Find all reader and writers took 128 milliseconds
Script Module: Unity.TextMeshPro.dll
Weave behaviours and messages took122 milliseconds
Find all reader and writers took 87 milliseconds
Script Module: kcp2k.dll
Weave behaviours and messages took4 milliseconds
Find all reader and writers took 68 milliseconds
Script Module: Telepathy.dll
Weave behaviours and messages took2 milliseconds
Find all reader and writers took 103 milliseconds
Script Module: UnityEditor.TestRunner.dll
Weave behaviours and messages took51 milliseconds
Find all reader and writers took 102 milliseconds
Script Module: UnityEditor.UI.dll
Weave behaviours and messages took16 milliseconds
Find all reader and writers took 97 milliseconds
Script Module: ParrelSync.dll
Weave behaviours and messages took2 milliseconds
Find all reader and writers took 74 milliseconds
Script Module: Mirror.CompilerSymbols.dll
Weave behaviours and messages took0 milliseconds
Mono: successfully reloaded assembly
- Completed reload, in  4.474 seconds
Platform modules already initialized, skipping
========================================================================
Worker process is ready to serve import requests
Launched and connected shader compiler UnityShaderCompiler.exe after 0.03 seconds
Refreshing native plugins compatible for Editor in 0.29 ms, found 0 plugins.
Preloading 0 native plugins for Editor in 0.00 ms.
Unloading 1361 Unused Serialized files (Serialized files now loaded: 0)
System memory in use before: 138.5 MB.
System memory in use after: 138.5 MB.

Unloading 15 unused Assets to reduce memory usage. Loaded Objects now: 1806.
Total: 2.708200 ms (FindLiveObjects: 0.170400 ms CreateObjectMapping: 0.206900 ms MarkObjects: 2.198100 ms  DeleteObjects: 0.131500 ms)

========================================================================
Received Import Request.
  path: Assets/Resources/Game/GameManager.cs
  artifactKey: Guid(8cfb1e3f121cf32468b98cb8e451512c) Importer(815301076,1909f56bfc062723c751e8b465ee728b)
Start importing Assets/Resources/Game/GameManager.cs using Guid(8cfb1e3f121cf32468b98cb8e451512c) Importer(815301076,1909f56bfc062723c751e8b465ee728b)  -> (artifact id: 'b0046372825820720b24e009278832e7') in 0.038580 seconds
  Import took 0.043112 seconds .

========================================================================
Received Import Request.
  Time since last request: 144.742303 seconds.
  path: Assets/Resources/GUI/Model
  artifactKey: Guid(cf35f1fc79eb9b74d9bfb70a094f7500) Importer(815301076,1909f56bfc062723c751e8b465ee728b)
Start importing Assets/Resources/GUI/Model using Guid(cf35f1fc79eb9b74d9bfb70a094f7500) Importer(815301076,1909f56bfc062723c751e8b465ee728b)  -> (artifact id: 'e513a66db3dc97e89a5eccf0153b7a88') in 0.016207 seconds
  Import took 0.019601 seconds .

========================================================================
Received Prepare
Registering precompiled user dll's ...
Registered in 0.002366 seconds.
Begin MonoManager ReloadAssembly
Native extension for WindowsStandalone target not found
Refreshing native plugins compatible for Editor in 0.28 ms, found 0 plugins.
Preloading 0 native plugins for Editor in 0.00 ms.
Invoked RoslynAnalysisRunner static constructor.
RoslynAnalysisRunner will not be running.
RoslynAnalysisRunner has terminated.
Mono: successfully reloaded assembly
- Completed reload, in  0.854 seconds
Platform modules already initialized, skipping
Refreshing native plugins compatible for Editor in 0.28 ms, found 0 plugins.
Preloading 0 native plugins for Editor in 0.00 ms.
Unloading 1342 Unused Serialized files (Serialized files now loaded: 0)
System memory in use before: 137.4 MB.
System memory in use after: 137.5 MB.

Unloading 10 unused Assets to reduce memory usage. Loaded Objects now: 1808.
Total: 2.180200 ms (FindLiveObjects: 0.333100 ms CreateObjectMapping: 0.062300 ms MarkObjects: 1.690600 ms  DeleteObjects: 0.093100 ms)

========================================================================
Received Import Request.
  Time since last request: 9.431267 seconds.
  path: Assets/Resources/GUI/Dices
  artifactKey: Guid(560fcbd71bb90e94db6e7933bd55ccfe) Importer(815301076,1909f56bfc062723c751e8b465ee728b)
Start importing Assets/Resources/GUI/Dices using Guid(560fcbd71bb90e94db6e7933bd55ccfe) Importer(815301076,1909f56bfc062723c751e8b465ee728b)  -> (artifact id: 'd3183b8681a46570bd301d46bdae8e34') in 0.036583 seconds
  Import took 0.039462 seconds .

========================================================================
Received Prepare
Registering precompiled user dll's ...
Registered in 0.002311 seconds.
Begin MonoManager ReloadAssembly
Native extension for WindowsStandalone target not found
Refreshing native plugins compatible for Editor in 0.29 ms, found 0 plugins.
Preloading 0 native plugins for Editor in 0.00 ms.
Invoked RoslynAnalysisRunner static constructor.
RoslynAnalysisRunner will not be running.
RoslynAnalysisRunner has terminated.
Mono: successfully reloaded assembly
- Completed reload, in  0.851 seconds
Platform modules already initialized, skipping
Refreshing native plugins compatible for Editor in 0.30 ms, found 0 plugins.
Preloading 0 native plugins for Editor in 0.00 ms.
Unloading 1342 Unused Serialized files (Serialized files now loaded: 0)
System memory in use before: 138.4 MB.
System memory in use after: 138.5 MB.

Unloading 10 unused Assets to reduce memory usage. Loaded Objects now: 1810.
Total: 2.733300 ms (FindLiveObjects: 0.290800 ms CreateObjectMapping: 0.049300 ms MarkObjects: 2.332400 ms  DeleteObjects: 0.059700 ms)

========================================================================
Received Prepare
Registering precompiled user dll's ...
Registered in 0.003674 seconds.
Begin MonoManager ReloadAssembly
Native extension for WindowsStandalone target not found
Refreshing native plugins compatible for Editor in 0.29 ms, found 0 plugins.
Preloading 0 native plugins for Editor in 0.00 ms.
Invoked RoslynAnalysisRunner static constructor.
RoslynAnalysisRunner will not be running.
RoslynAnalysisRunner has terminated.
Mono: successfully reloaded assembly
- Completed reload, in  0.950 seconds
Platform modules already initialized, skipping
Refreshing native plugins compatible for Editor in 0.29 ms, found 0 plugins.
Preloading 0 native plugins for Editor in 0.00 ms.
Unloading 1342 Unused Serialized files (Serialized files now loaded: 0)
System memory in use before: 138.4 MB.
System memory in use after: 138.5 MB.

Unloading 10 unused Assets to reduce memory usage. Loaded Objects now: 1812.
Total: 6.097000 ms (FindLiveObjects: 0.435300 ms CreateObjectMapping: 0.155900 ms MarkObjects: 5.342000 ms  DeleteObjects: 0.160800 ms)

========================================================================
Received Prepare
Registering precompiled user dll's ...
Registered in 0.002502 seconds.
Begin MonoManager ReloadAssembly
Native extension for WindowsStandalone target not found
Refreshing native plugins compatible for Editor in 0.27 ms, found 0 plugins.
Preloading 0 native plugins for Editor in 0.00 ms.
Invoked RoslynAnalysisRunner static constructor.
RoslynAnalysisRunner will not be running.
RoslynAnalysisRunner has terminated.
Mono: successfully reloaded assembly
- Completed reload, in  0.922 seconds
Platform modules already initialized, skipping
Refreshing native plugins compatible for Editor in 0.30 ms, found 0 plugins.
Preloading 0 native plugins for Editor in 0.00 ms.
Unloading 1343 Unused Serialized files (Serialized files now loaded: 0)
System memory in use before: 138.5 MB.
System memory in use after: 138.5 MB.

Unloading 10 unused Assets to reduce memory usage. Loaded Objects now: 1815.
Total: 2.630900 ms (FindLiveObjects: 0.142600 ms CreateObjectMapping: 0.045100 ms MarkObjects: 2.340700 ms  DeleteObjects: 0.101300 ms)

========================================================================
Received Import Request.
  Time since last request: 34.384045 seconds.
  path: Assets/Resources/Dices/DicesManager.cs
  artifactKey: Guid(9e3ca2e54d4e1ed48882811ff24ce41b) Importer(815301076,1909f56bfc062723c751e8b465ee728b)
Start importing Assets/Resources/Dices/DicesManager.cs using Guid(9e3ca2e54d4e1ed48882811ff24ce41b) Importer(815301076,1909f56bfc062723c751e8b465ee728b)  -> (artifact id: 'a6233caa011c1996091a7e5288978b59') in 0.012826 seconds
  Import took 0.015531 seconds .

========================================================================
Received Import Request.
  Time since last request: 8.178051 seconds.
  path: Assets/Resources/Dices/DiceManager.cs
  artifactKey: Guid(9e3ca2e54d4e1ed48882811ff24ce41b) Importer(815301076,1909f56bfc062723c751e8b465ee728b)
Start importing Assets/Resources/Dices/DiceManager.cs using Guid(9e3ca2e54d4e1ed48882811ff24ce41b) Importer(815301076,1909f56bfc062723c751e8b465ee728b)  -> (artifact id: 'c439433dd56a6fc2f866fcbd45a25e8c') in 0.015509 seconds
  Import took 0.020295 seconds .

========================================================================
Received Prepare
Registering precompiled user dll's ...
Registered in 0.002551 seconds.
Begin MonoManager ReloadAssembly
Native extension for WindowsStandalone target not found
Refreshing native plugins compatible for Editor in 0.26 ms, found 0 plugins.
Preloading 0 native plugins for Editor in 0.00 ms.
Invoked RoslynAnalysisRunner static constructor.
RoslynAnalysisRunner will not be running.
RoslynAnalysisRunner has terminated.
Mono: successfully reloaded assembly
- Completed reload, in  0.926 seconds
Platform modules already initialized, skipping
Refreshing native plugins compatible for Editor in 0.30 ms, found 0 plugins.
Preloading 0 native plugins for Editor in 0.00 ms.
Unloading 1343 Unused Serialized files (Serialized files now loaded: 0)
System memory in use before: 138.5 MB.
System memory in use after: 138.5 MB.

Unloading 10 unused Assets to reduce memory usage. Loaded Objects now: 1817.
Total: 1.614500 ms (FindLiveObjects: 0.129500 ms CreateObjectMapping: 0.042800 ms MarkObjects: 1.342800 ms  DeleteObjects: 0.098100 ms)

========================================================================
Received Import Request.
  Time since last request: 18.106738 seconds.
  path: Assets/Resources/Dice
  artifactKey: Guid(560fcbd71bb90e94db6e7933bd55ccfe) Importer(815301076,1909f56bfc062723c751e8b465ee728b)
Start importing Assets/Resources/Dice using Guid(560fcbd71bb90e94db6e7933bd55ccfe) Importer(815301076,1909f56bfc062723c751e8b465ee728b)  -> (artifact id: 'ffa2e30d2fb273a9a0d071b0da80f2bb') in 0.015196 seconds
  Import took 0.020016 seconds .

========================================================================
Received Prepare
Registering precompiled user dll's ...
Registered in 0.002788 seconds.
Begin MonoManager ReloadAssembly
Native extension for WindowsStandalone target not found
Refreshing native plugins compatible for Editor in 0.26 ms, found 0 plugins.
Preloading 0 native plugins for Editor in 0.00 ms.
Invoked RoslynAnalysisRunner static constructor.
RoslynAnalysisRunner will not be running.
RoslynAnalysisRunner has terminated.
Mono: successfully reloaded assembly
- Completed reload, in  0.926 seconds
Platform modules already initialized, skipping
Refreshing native plugins compatible for Editor in 0.27 ms, found 0 plugins.
Preloading 0 native plugins for Editor in 0.00 ms.
Unloading 1343 Unused Serialized files (Serialized files now loaded: 0)
System memory in use before: 138.5 MB.
System memory in use after: 138.6 MB.

Unloading 10 unused Assets to reduce memory usage. Loaded Objects now: 1819.
Total: 9.035900 ms (FindLiveObjects: 0.893900 ms CreateObjectMapping: 0.195000 ms MarkObjects: 7.807800 ms  DeleteObjects: 0.133300 ms)

========================================================================
Received Import Request.
  Time since last request: 230.324553 seconds.
  path: Assets/Resources/Dice/DiceManager.cs
  artifactKey: Guid(9e3ca2e54d4e1ed48882811ff24ce41b) Importer(815301076,1909f56bfc062723c751e8b465ee728b)
Start importing Assets/Resources/Dice/DiceManager.cs using Guid(9e3ca2e54d4e1ed48882811ff24ce41b) Importer(815301076,1909f56bfc062723c751e8b465ee728b)  -> (artifact id: '43692aa124a50b2048f4a6f9598055f2') in 0.008261 seconds
  Import took 0.012111 seconds .

========================================================================
Received Prepare
Registering precompiled user dll's ...
Registered in 0.002403 seconds.
Begin MonoManager ReloadAssembly
Native extension for WindowsStandalone target not found
Refreshing native plugins compatible for Editor in 0.38 ms, found 0 plugins.
Preloading 0 native plugins for Editor in 0.00 ms.
Invoked RoslynAnalysisRunner static constructor.
RoslynAnalysisRunner will not be running.
RoslynAnalysisRunner has terminated.
Mono: successfully reloaded assembly
- Completed reload, in  0.866 seconds
Platform modules already initialized, skipping
Refreshing native plugins compatible for Editor in 0.28 ms, found 0 plugins.
Preloading 0 native plugins for Editor in 0.00 ms.
Unloading 1343 Unused Serialized files (Serialized files now loaded: 0)
System memory in use before: 138.5 MB.
System memory in use after: 138.6 MB.

Unloading 10 unused Assets to reduce memory usage. Loaded Objects now: 1821.
Total: 1.996100 ms (FindLiveObjects: 0.174500 ms CreateObjectMapping: 0.048800 ms MarkObjects: 1.660300 ms  DeleteObjects: 0.111500 ms)

========================================================================
Received Import Request.
  Time since last request: 160.792699 seconds.
  path: Assets/Resources/Skill/Skills/DeathBlow.cs
  artifactKey: Guid(3e7a3f802e4beb0408954d5547a60168) Importer(815301076,1909f56bfc062723c751e8b465ee728b)
Start importing Assets/Resources/Skill/Skills/DeathBlow.cs using Guid(3e7a3f802e4beb0408954d5547a60168) Importer(815301076,1909f56bfc062723c751e8b465ee728b)  -> (artifact id: 'c428a1f7cfaf8ee9aa4ac47fde3f0a4d') in 0.026328 seconds
  Import took 0.031675 seconds .

========================================================================
Received Prepare
Registering precompiled user dll's ...
Registered in 0.002936 seconds.
Begin MonoManager ReloadAssembly
Native extension for WindowsStandalone target not found
Refreshing native plugins compatible for Editor in 0.27 ms, found 0 plugins.
Preloading 0 native plugins for Editor in 0.00 ms.
Invoked RoslynAnalysisRunner static constructor.
RoslynAnalysisRunner will not be running.
RoslynAnalysisRunner has terminated.
Mono: successfully reloaded assembly
- Completed reload, in  0.867 seconds
Platform modules already initialized, skipping
Refreshing native plugins compatible for Editor in 0.28 ms, found 0 plugins.
Preloading 0 native plugins for Editor in 0.00 ms.
Unloading 1343 Unused Serialized files (Serialized files now loaded: 0)
System memory in use before: 138.5 MB.
System memory in use after: 138.6 MB.

Unloading 10 unused Assets to reduce memory usage. Loaded Objects now: 1823.
Total: 2.317800 ms (FindLiveObjects: 0.455900 ms CreateObjectMapping: 0.068600 ms MarkObjects: 1.675000 ms  DeleteObjects: 0.116000 ms)

========================================================================
Received Prepare
Registering precompiled user dll's ...
Registered in 0.003220 seconds.
Begin MonoManager ReloadAssembly
Native extension for WindowsStandalone target not found
Refreshing native plugins compatible for Editor in 0.33 ms, found 0 plugins.
Preloading 0 native plugins for Editor in 0.00 ms.
Invoked RoslynAnalysisRunner static constructor.
RoslynAnalysisRunner will not be running.
RoslynAnalysisRunner has terminated.
Mono: successfully reloaded assembly
- Completed reload, in  1.499 seconds
Platform modules already initialized, skipping
Refreshing native plugins compatible for Editor in 0.46 ms, found 0 plugins.
Preloading 0 native plugins for Editor in 0.00 ms.
Unloading 1343 Unused Serialized files (Serialized files now loaded: 0)
System memory in use before: 138.5 MB.
System memory in use after: 138.6 MB.

Unloading 10 unused Assets to reduce memory usage. Loaded Objects now: 1825.
Total: 3.635900 ms (FindLiveObjects: 0.255100 ms CreateObjectMapping: 0.082400 ms MarkObjects: 3.163000 ms  DeleteObjects: 0.125300 ms)

========================================================================
Received Prepare
Registering precompiled user dll's ...
Registered in 0.005007 seconds.
Begin MonoManager ReloadAssembly
Native extension for WindowsStandalone target not found
Refreshing native plugins compatible for Editor in 0.53 ms, found 0 plugins.
Preloading 0 native plugins for Editor in 0.00 ms.
Invoked RoslynAnalysisRunner static constructor.
RoslynAnalysisRunner will not be running.
RoslynAnalysisRunner has terminated.
Mono: successfully reloaded assembly
- Completed reload, in  1.601 seconds
Platform modules already initialized, skipping
Refreshing native plugins compatible for Editor in 0.44 ms, found 0 plugins.
Preloading 0 native plugins for Editor in 0.00 ms.
Unloading 1343 Unused Serialized files (Serialized files now loaded: 0)
System memory in use before: 138.5 MB.
System memory in use after: 138.6 MB.

Unloading 10 unused Assets to reduce memory usage. Loaded Objects now: 1827.
Total: 4.636600 ms (FindLiveObjects: 0.600500 ms CreateObjectMapping: 0.175200 ms MarkObjects: 3.778900 ms  DeleteObjects: 0.070500 ms)

========================================================================
Received Import Request.
  Time since last request: 819.889206 seconds.
  path: Assets/Resources/Dice/Model/View
  artifactKey: Guid(af91f84db75f26f48b5177b7ed35cf22) Importer(815301076,1909f56bfc062723c751e8b465ee728b)
Start importing Assets/Resources/Dice/Model/View using Guid(af91f84db75f26f48b5177b7ed35cf22) Importer(815301076,1909f56bfc062723c751e8b465ee728b)  -> (artifact id: 'cbeaecce65ef6ca834d2079ebd64adf9') in 0.012884 seconds
  Import took 0.015820 seconds .

========================================================================
Received Import Request.
  Time since last request: 14.674888 seconds.
  path: Assets/Resources/Dice/Model/Prefab
  artifactKey: Guid(c1824c37e2a1adb4d9c9f1746a778b2f) Importer(815301076,1909f56bfc062723c751e8b465ee728b)
Start importing Assets/Resources/Dice/Model/Prefab using Guid(c1824c37e2a1adb4d9c9f1746a778b2f) Importer(815301076,1909f56bfc062723c751e8b465ee728b)  -> (artifact id: '9bd2585a1ac780aeff5f1bc6583056e4') in 0.012461 seconds
  Import took 0.015539 seconds .

========================================================================
Received Prepare
Registering precompiled user dll's ...
Registered in 0.002795 seconds.
Begin MonoManager ReloadAssembly
Native extension for WindowsStandalone target not found
Refreshing native plugins compatible for Editor in 0.26 ms, found 0 plugins.
Preloading 0 native plugins for Editor in 0.00 ms.
Invoked RoslynAnalysisRunner static constructor.
RoslynAnalysisRunner will not be running.
RoslynAnalysisRunner has terminated.
Mono: successfully reloaded assembly
- Completed reload, in  0.892 seconds
Platform modules already initialized, skipping
Refreshing native plugins compatible for Editor in 0.46 ms, found 0 plugins.
Preloading 0 native plugins for Editor in 0.00 ms.
Unloading 1343 Unused Serialized files (Serialized files now loaded: 0)
System memory in use before: 138.5 MB.
System memory in use after: 138.6 MB.

Unloading 10 unused Assets to reduce memory usage. Loaded Objects now: 1829.
Total: 1.941200 ms (FindLiveObjects: 0.295500 ms CreateObjectMapping: 0.094000 ms MarkObjects: 1.489000 ms  DeleteObjects: 0.061200 ms)

========================================================================
Received Prepare
Registering precompiled user dll's ...
Registered in 0.002407 seconds.
Begin MonoManager ReloadAssembly
Native extension for WindowsStandalone target not found
Refreshing native plugins compatible for Editor in 0.31 ms, found 0 plugins.
Preloading 0 native plugins for Editor in 0.00 ms.
Invoked RoslynAnalysisRunner static constructor.
RoslynAnalysisRunner will not be running.
RoslynAnalysisRunner has terminated.
Mono: successfully reloaded assembly
- Completed reload, in  0.859 seconds
Platform modules already initialized, skipping
Refreshing native plugins compatible for Editor in 0.51 ms, found 0 plugins.
Preloading 0 native plugins for Editor in 0.00 ms.
Unloading 1343 Unused Serialized files (Serialized files now loaded: 0)
System memory in use before: 138.5 MB.
System memory in use after: 138.6 MB.

Unloading 10 unused Assets to reduce memory usage. Loaded Objects now: 1831.
Total: 2.720300 ms (FindLiveObjects: 0.345600 ms CreateObjectMapping: 0.135300 ms MarkObjects: 2.081400 ms  DeleteObjects: 0.155000 ms)

========================================================================
Received Import Request.
  Time since last request: 44.640073 seconds.
  path: Assets/Resources/Dice/Modelsss
  artifactKey: Guid(cf35f1fc79eb9b74d9bfb70a094f7500) Importer(815301076,1909f56bfc062723c751e8b465ee728b)
Start importing Assets/Resources/Dice/Modelsss using Guid(cf35f1fc79eb9b74d9bfb70a094f7500) Importer(815301076,1909f56bfc062723c751e8b465ee728b)  -> (artifact id: 'b571e38c6b46cdad79dbba0d1c21dcde') in 0.014609 seconds
  Import took 0.018373 seconds .

========================================================================
Received Import Request.
  Time since last request: 9.433762 seconds.
  path: Assets/Resources/Dice/DicesController.cs
  artifactKey: Guid(79e54a203d018ff4aa7b2c25b1a7ff61) Importer(815301076,1909f56bfc062723c751e8b465ee728b)
Start importing Assets/Resources/Dice/DicesController.cs using Guid(79e54a203d018ff4aa7b2c25b1a7ff61) Importer(815301076,1909f56bfc062723c751e8b465ee728b)  -> (artifact id: '762c25304736151314bbaae65ce5d8a5') in 0.012821 seconds
  Import took 0.015395 seconds .

========================================================================
Received Import Request.
  Time since last request: 0.023146 seconds.
  path: Assets/Resources/Dice/DicesController.cs
  artifactKey: Guid(79e54a203d018ff4aa7b2c25b1a7ff61) Importer(815301076,1909f56bfc062723c751e8b465ee728b)
Start importing Assets/Resources/Dice/DicesController.cs using Guid(79e54a203d018ff4aa7b2c25b1a7ff61) Importer(815301076,1909f56bfc062723c751e8b465ee728b)  -> (artifact id: '762c25304736151314bbaae65ce5d8a5') in 0.002373 seconds
  Import took 0.004942 seconds .

========================================================================
Received Import Request.
  Time since last request: 7.047872 seconds.
  path: Assets/Resources/Dice/Dice.cs
  artifactKey: Guid(c5149ab2119af0d479833bd16ec22e40) Importer(815301076,1909f56bfc062723c751e8b465ee728b)
Start importing Assets/Resources/Dice/Dice.cs using Guid(c5149ab2119af0d479833bd16ec22e40) Importer(815301076,1909f56bfc062723c751e8b465ee728b)  -> (artifact id: '2b43d37d9ba9fa29b2f73c9fd625e3e8') in 0.015355 seconds
  Import took 0.018690 seconds .

========================================================================
Received Import Request.
  Time since last request: 19.566706 seconds.
  path: Assets/Resources/Dice/Dice
  artifactKey: Guid(f67c174b571169441b92312448ac7002) Importer(815301076,1909f56bfc062723c751e8b465ee728b)
Start importing Assets/Resources/Dice/Dice using Guid(f67c174b571169441b92312448ac7002) Importer(815301076,1909f56bfc062723c751e8b465ee728b)  -> (artifact id: '7a957fdbfabfa83e9cf16a2f3e462abb') in 0.003399 seconds
  Import took 0.005901 seconds .

========================================================================
Received Prepare
Registering precompiled user dll's ...
Registered in 0.002344 seconds.
Begin MonoManager ReloadAssembly
Native extension for WindowsStandalone target not found
Refreshing native plugins compatible for Editor in 0.50 ms, found 0 plugins.
Preloading 0 native plugins for Editor in 0.00 ms.
Invoked RoslynAnalysisRunner static constructor.
RoslynAnalysisRunner will not be running.
RoslynAnalysisRunner has terminated.
Mono: successfully reloaded assembly
- Completed reload, in  0.928 seconds
Platform modules already initialized, skipping
Refreshing native plugins compatible for Editor in 0.37 ms, found 0 plugins.
Preloading 0 native plugins for Editor in 0.00 ms.
Unloading 1343 Unused Serialized files (Serialized files now loaded: 0)
System memory in use before: 138.5 MB.
System memory in use after: 138.5 MB.

Unloading 10 unused Assets to reduce memory usage. Loaded Objects now: 1833.
Total: 3.240700 ms (FindLiveObjects: 0.157300 ms CreateObjectMapping: 0.107800 ms MarkObjects: 2.919300 ms  DeleteObjects: 0.055200 ms)

========================================================================
Received Prepare
Registering precompiled user dll's ...
Registered in 0.002587 seconds.
Begin MonoManager ReloadAssembly
Native extension for WindowsStandalone target not found
Refreshing native plugins compatible for Editor in 0.27 ms, found 0 plugins.
Preloading 0 native plugins for Editor in 0.00 ms.
Invoked RoslynAnalysisRunner static constructor.
RoslynAnalysisRunner will not be running.
RoslynAnalysisRunner has terminated.
Mono: successfully reloaded assembly
- Completed reload, in  0.864 seconds
Platform modules already initialized, skipping
Refreshing native plugins compatible for Editor in 0.35 ms, found 0 plugins.
Preloading 0 native plugins for Editor in 0.00 ms.
Unloading 1343 Unused Serialized files (Serialized files now loaded: 0)
System memory in use before: 138.5 MB.
System memory in use after: 138.6 MB.

Unloading 10 unused Assets to reduce memory usage. Loaded Objects now: 1835.
Total: 2.468200 ms (FindLiveObjects: 0.301900 ms CreateObjectMapping: 0.065900 ms MarkObjects: 1.985300 ms  DeleteObjects: 0.113400 ms)

========================================================================
Received Import Request.
  Time since last request: 3087.753712 seconds.
  path: Assets/Resources/Dice/Dice/Dice.cs
  artifactKey: Guid(c5149ab2119af0d479833bd16ec22e40) Importer(815301076,1909f56bfc062723c751e8b465ee728b)
Start importing Assets/Resources/Dice/Dice/Dice.cs using Guid(c5149ab2119af0d479833bd16ec22e40) Importer(815301076,1909f56bfc062723c751e8b465ee728b)  -> (artifact id: '723eb6e7b2e715b32b34fdd3b304bc9a') in 0.004807 seconds
  Import took 0.007034 seconds .

========================================================================
Received Prepare
Registering precompiled user dll's ...
Registered in 0.002992 seconds.
Begin MonoManager ReloadAssembly
Native extension for WindowsStandalone target not found
Refreshing native plugins compatible for Editor in 0.31 ms, found 0 plugins.
Preloading 0 native plugins for Editor in 0.00 ms.
Invoked RoslynAnalysisRunner static constructor.
RoslynAnalysisRunner will not be running.
RoslynAnalysisRunner has terminated.
Mono: successfully reloaded assembly
- Completed reload, in  0.904 seconds
Platform modules already initialized, skipping
Refreshing native plugins compatible for Editor in 0.28 ms, found 0 plugins.
Preloading 0 native plugins for Editor in 0.00 ms.
Unloading 1343 Unused Serialized files (Serialized files now loaded: 0)
System memory in use before: 138.5 MB.
System memory in use after: 138.6 MB.

Unloading 10 unused Assets to reduce memory usage. Loaded Objects now: 1837.
Total: 7.713500 ms (FindLiveObjects: 0.532600 ms CreateObjectMapping: 0.261500 ms MarkObjects: 6.744100 ms  DeleteObjects: 0.171500 ms)

