Using pre-set license
Built from '2020.2/release' branch; Version is '2020.2.1f1 (270dd8c3da1c) revision 2559448'; Using compiler version '192528614'; Build Type 'Release'
OS: 'Windows 10  (10.0.0) 64bit' Language: 'es' Physical Memory: 16269 MB
BatchMode: 1, IsHumanControllingUs: 0, StartBugReporterOnCrash: 0, Is64bit: 1, IsPro: 0

 COMMAND LINE ARGUMENTS:
C:\Program Files\Unity\Hub\Editor\2020.2.1f1\Editor\Unity.exe
-adb2
-batchMode
-noUpm
-name
AssetImportWorker0
-projectPath
D:/Saniser/Documents/GitHub/BoardWarriorsOnline
-logFile
Logs/AssetImportWorker0.log
-srvPort
53371
Successfully changed project path to: D:/Saniser/Documents/GitHub/BoardWarriorsOnline
D:/Saniser/Documents/GitHub/BoardWarriorsOnline
Using Asset Import Pipeline V2.
Refreshing native plugins compatible for Editor in 25.55 ms, found 0 plugins.
Preloading 0 native plugins for Editor in 0.00 ms.
Initialize engine version: 2020.2.1f1 (270dd8c3da1c)
[Subsystems] Discovering subsystems at path C:/Program Files/Unity/Hub/Editor/2020.2.1f1/Editor/Data/Resources/UnitySubsystems
[Subsystems] Discovering subsystems at path D:/Saniser/Documents/GitHub/BoardWarriorsOnline/Assets
GfxDevice: creating device client; threaded=0
Direct3D:
    Version:  Direct3D 11.0 [level 11.1]
    Renderer: NVIDIA GeForce GTX 1050 Ti (ID=0x1c8c)
    Vendor:   
    VRAM:     4018 MB
    Driver:   24.21.13.9907
Initialize mono
Mono path[0] = 'C:/Program Files/Unity/Hub/Editor/2020.2.1f1/Editor/Data/Managed'
Mono path[1] = 'C:/Program Files/Unity/Hub/Editor/2020.2.1f1/Editor/Data/MonoBleedingEdge/lib/mono/unityjit'
Mono config path = 'C:/Program Files/Unity/Hub/Editor/2020.2.1f1/Editor/Data/MonoBleedingEdge/etc'
Using monoOptions --debugger-agent=transport=dt_socket,embedding=1,server=y,suspend=n,address=127.0.0.1:56208
Begin MonoManager ReloadAssembly
Registering precompiled unity dll's ...
Register platform support module: C:/Program Files/Unity/Hub/Editor/2020.2.1f1/Editor/Data/PlaybackEngines/WindowsStandaloneSupport/UnityEditor.WindowsStandalone.Extensions.dll
Registered in 0.002196 seconds.
Native extension for WindowsStandalone target not found
Refreshing native plugins compatible for Editor in 22.67 ms, found 0 plugins.
Preloading 0 native plugins for Editor in 0.00 ms.
Invoked RoslynAnalysisRunner static constructor.
RoslynAnalysisRunner will not be running.
RoslynAnalysisRunner has terminated.
Mono: successfully reloaded assembly
- Completed reload, in  2.038 seconds
Platform modules already initialized, skipping
Registering precompiled user dll's ...
Registered in 0.000668 seconds.
Begin MonoManager ReloadAssembly
Native extension for WindowsStandalone target not found
Refreshing native plugins compatible for Editor in 0.22 ms, found 0 plugins.
Preloading 0 native plugins for Editor in 0.00 ms.
Invoked RoslynAnalysisRunner static constructor.
RoslynAnalysisRunner will not be running.
RoslynAnalysisRunner has terminated.
Mono: successfully reloaded assembly
- Completed reload, in  0.808 seconds
Platform modules already initialized, skipping
========================================================================
Worker process is ready to serve import requests
Launched and connected shader compiler UnityShaderCompiler.exe after 0.04 seconds
Refreshing native plugins compatible for Editor in 0.20 ms, found 0 plugins.
Preloading 0 native plugins for Editor in 0.00 ms.
Unloading 1094 Unused Serialized files (Serialized files now loaded: 0)
System memory in use before: 55.9 MB.
System memory in use after: 55.9 MB.

Unloading 10 unused Assets to reduce memory usage. Loaded Objects now: 1533.
Total: 5.576700 ms (FindLiveObjects: 0.419300 ms CreateObjectMapping: 0.159600 ms MarkObjects: 4.824000 ms  DeleteObjects: 0.170700 ms)

========================================================================
Received Import Request.
  path: Assets
  artifactKey: Guid(00000000000000001000000000000000) Importer(815301076,1909f56bfc062723c751e8b465ee728b)
Start importing Assets using Guid(00000000000000001000000000000000) Importer(815301076,1909f56bfc062723c751e8b465ee728b)  -> (artifact id: 'e1a2c4dac9df7c17871e19a3b74f0e9f') in 0.023677 seconds
  Import took 0.043741 seconds .

========================================================================
Received Import Request.
  Time since last request: 0.037282 seconds.
  path: Assets
  artifactKey: Guid(00000000000000001000000000000000) Importer(815301076,1909f56bfc062723c751e8b465ee728b)
Start importing Assets using Guid(00000000000000001000000000000000) Importer(815301076,1909f56bfc062723c751e8b465ee728b)  -> (artifact id: 'e1a2c4dac9df7c17871e19a3b74f0e9f') in 0.003303 seconds
  Import took 0.005769 seconds .

========================================================================
Received Import Request.
  Time since last request: 2.417203 seconds.
  path: Assets/Resources
  artifactKey: Guid(ccdc0d0d65fb71f438faf9926181e500) Importer(815301076,1909f56bfc062723c751e8b465ee728b)
Start importing Assets/Resources using Guid(ccdc0d0d65fb71f438faf9926181e500) Importer(815301076,1909f56bfc062723c751e8b465ee728b)  -> (artifact id: 'ddec766be060feaf3de6cbe8d9c2db71') in 0.013695 seconds
  Import took 0.019808 seconds .

========================================================================
Received Prepare
Registering precompiled user dll's ...
Registered in 0.002469 seconds.
Begin MonoManager ReloadAssembly
Native extension for WindowsStandalone target not found
Refreshing native plugins compatible for Editor in 0.30 ms, found 0 plugins.
Preloading 0 native plugins for Editor in 0.00 ms.
Invoked RoslynAnalysisRunner static constructor.
RoslynAnalysisRunner will not be running.
RoslynAnalysisRunner has terminated.
Failed to find Mirror runtime assembly
UnityEngine.StackTraceUtility:ExtractStackTrace ()
UnityEngine.DebugLogHandler:LogFormat (UnityEngine.LogType,UnityEngine.Object,string,object[])
UnityEngine.Logger:Log (UnityEngine.LogType,object)
UnityEngine.Debug:LogError (object)
Mirror.Weaver.CompilationFinishedHook:OnCompilationFinished (string,UnityEditor.Compilation.CompilerMessage[]) (at Assets/Mirror/Editor/Weaver/CompilationFinishedHook.cs:116)
Mirror.Weaver.CompilationFinishedHook:WeaveExistingAssemblies () (at Assets/Mirror/Editor/Weaver/CompilationFinishedHook.cs:62)
Mirror.Weaver.CompilationFinishedHook:OnInitializeOnLoad () (at Assets/Mirror/Editor/Weaver/CompilationFinishedHook.cs:52)

(Filename: Assets/Mirror/Editor/Weaver/CompilationFinishedHook.cs Line: 116)

Failed to find Mirror runtime assembly
UnityEngine.StackTraceUtility:ExtractStackTrace ()
UnityEngine.DebugLogHandler:LogFormat (UnityEngine.LogType,UnityEngine.Object,string,object[])
UnityEngine.Logger:Log (UnityEngine.LogType,object)
UnityEngine.Debug:LogError (object)
Mirror.Weaver.CompilationFinishedHook:OnCompilationFinished (string,UnityEditor.Compilation.CompilerMessage[]) (at Assets/Mirror/Editor/Weaver/CompilationFinishedHook.cs:116)
Mirror.Weaver.CompilationFinishedHook:WeaveExistingAssemblies () (at Assets/Mirror/Editor/Weaver/CompilationFinishedHook.cs:62)
Mirror.Weaver.CompilationFinishedHook:OnInitializeOnLoad () (at Assets/Mirror/Editor/Weaver/CompilationFinishedHook.cs:52)

(Filename: Assets/Mirror/Editor/Weaver/CompilationFinishedHook.cs Line: 116)

[ScriptCompilation] NOT recompiling all scripts because this is an import worker process. Reason to compile was: Define symbols changed
Mono: successfully reloaded assembly
- Completed reload, in  1.029 seconds
Platform modules already initialized, skipping
Refreshing native plugins compatible for Editor in 0.27 ms, found 0 plugins.
Preloading 0 native plugins for Editor in 0.00 ms.
Unloading 1348 Unused Serialized files (Serialized files now loaded: 0)
System memory in use before: 63.3 MB.
System memory in use after: 63.4 MB.

Unloading 10 unused Assets to reduce memory usage. Loaded Objects now: 1789.
Total: 2.147300 ms (FindLiveObjects: 0.271400 ms CreateObjectMapping: 0.076600 ms MarkObjects: 1.694200 ms  DeleteObjects: 0.103700 ms)

========================================================================
Received Import Request.
  Time since last request: 112.687604 seconds.
  path: Assets/Lib
  artifactKey: Guid(0de23dae03d2a6142a64c166daeef226) Importer(815301076,1909f56bfc062723c751e8b465ee728b)
Start importing Assets/Lib using Guid(0de23dae03d2a6142a64c166daeef226) Importer(815301076,1909f56bfc062723c751e8b465ee728b)  -> (artifact id: '443dc95cd7dd362056e5b0d8573fc8d0') in 0.014974 seconds
  Import took 0.017346 seconds .

========================================================================
Received Import Request.
  Time since last request: 3.900722 seconds.
  path: Assets/Mirror
  artifactKey: Guid(5cf8eb36be0834b3da408c694a41cb88) Importer(815301076,1909f56bfc062723c751e8b465ee728b)
Start importing Assets/Mirror using Guid(5cf8eb36be0834b3da408c694a41cb88) Importer(815301076,1909f56bfc062723c751e8b465ee728b)  -> (artifact id: 'f24128bdd7c710780cb733054a94c2cb') in 0.012443 seconds
  Import took 0.015479 seconds .

========================================================================
Received Prepare
Registering precompiled user dll's ...
Registered in 0.002370 seconds.
Begin MonoManager ReloadAssembly
Native extension for WindowsStandalone target not found
Refreshing native plugins compatible for Editor in 0.27 ms, found 0 plugins.
Preloading 0 native plugins for Editor in 0.00 ms.
Invoked RoslynAnalysisRunner static constructor.
RoslynAnalysisRunner will not be running.
Temp/RoslynAnalysisRunner has been deleted.
RoslynAnalysisRunner has terminated.
[ScriptCompilation] NOT recompiling all scripts because this is an import worker process. Reason to compile was: Define symbols changed
Mono: successfully reloaded assembly
- Completed reload, in  0.999 seconds
Platform modules already initialized, skipping
Refreshing native plugins compatible for Editor in 0.46 ms, found 0 plugins.
Preloading 0 native plugins for Editor in 0.00 ms.
Unloading 1348 Unused Serialized files (Serialized files now loaded: 0)
System memory in use before: 63.3 MB.
System memory in use after: 63.4 MB.

Unloading 10 unused Assets to reduce memory usage. Loaded Objects now: 1791.
Total: 3.330600 ms (FindLiveObjects: 0.313600 ms CreateObjectMapping: 0.107300 ms MarkObjects: 2.824100 ms  DeleteObjects: 0.083400 ms)

========================================================================
Received Prepare
Registering precompiled user dll's ...
Registered in 0.003306 seconds.
Begin MonoManager ReloadAssembly
Native extension for WindowsStandalone target not found
Refreshing native plugins compatible for Editor in 0.43 ms, found 0 plugins.
Preloading 0 native plugins for Editor in 0.00 ms.
Invoked RoslynAnalysisRunner static constructor.
RoslynAnalysisRunner will not be running.
Temp/RoslynAnalysisRunner has been deleted.
RoslynAnalysisRunner has terminated.
[ScriptCompilation] NOT recompiling all scripts because this is an import worker process. Reason to compile was: Define symbols changed
Mono: successfully reloaded assembly
- Completed reload, in  1.110 seconds
Platform modules already initialized, skipping
Refreshing native plugins compatible for Editor in 0.28 ms, found 0 plugins.
Preloading 0 native plugins for Editor in 0.00 ms.
Unloading 1348 Unused Serialized files (Serialized files now loaded: 0)
System memory in use before: 63.5 MB.
System memory in use after: 63.6 MB.

Unloading 10 unused Assets to reduce memory usage. Loaded Objects now: 1793.
Total: 6.305600 ms (FindLiveObjects: 0.357500 ms CreateObjectMapping: 0.142600 ms MarkObjects: 5.661200 ms  DeleteObjects: 0.140200 ms)

========================================================================
Received Prepare
Registering precompiled user dll's ...
Registered in 0.000650 seconds.
Begin MonoManager ReloadAssembly
Native extension for WindowsStandalone target not found
Refreshing native plugins compatible for Editor in 0.24 ms, found 0 plugins.
Preloading 0 native plugins for Editor in 0.00 ms.
Invoked RoslynAnalysisRunner static constructor.
RoslynAnalysisRunner will not be running.
RoslynAnalysisRunner has terminated.
Mono: successfully reloaded assembly
- Completed reload, in  0.866 seconds
Platform modules already initialized, skipping
Refreshing native plugins compatible for Editor in 0.19 ms, found 0 plugins.
Preloading 0 native plugins for Editor in 0.00 ms.
Unloading 1089 Unused Serialized files (Serialized files now loaded: 0)
System memory in use before: 57.9 MB.
System memory in use after: 58.0 MB.

Unloading 213 unused Assets to reduce memory usage. Loaded Objects now: 1587.
Total: 1.980700 ms (FindLiveObjects: 0.341700 ms CreateObjectMapping: 0.076500 ms MarkObjects: 1.401600 ms  DeleteObjects: 0.159700 ms)

========================================================================
Received Prepare
Registering precompiled user dll's ...
Registered in 0.003527 seconds.
Begin MonoManager ReloadAssembly
Native extension for WindowsStandalone target not found
Refreshing native plugins compatible for Editor in 0.28 ms, found 0 plugins.
Preloading 0 native plugins for Editor in 0.00 ms.
Invoked RoslynAnalysisRunner static constructor.
RoslynAnalysisRunner will not be running.
RoslynAnalysisRunner has terminated.
Mono: successfully reloaded assembly
- Completed reload, in  0.944 seconds
Platform modules already initialized, skipping
Refreshing native plugins compatible for Editor in 0.28 ms, found 0 plugins.
Preloading 0 native plugins for Editor in 0.00 ms.
Unloading 1348 Unused Serialized files (Serialized files now loaded: 0)
System memory in use before: 63.7 MB.
System memory in use after: 63.8 MB.

Unloading 10 unused Assets to reduce memory usage. Loaded Objects now: 1797.
Total: 2.185700 ms (FindLiveObjects: 0.246600 ms CreateObjectMapping: 0.125700 ms MarkObjects: 1.770200 ms  DeleteObjects: 0.041500 ms)

========================================================================
Received Import Request.
  Time since last request: 997.992625 seconds.
  path: Assets/ScriptTemplates
  artifactKey: Guid(8c00361129d75a941a732ef88e326a4f) Importer(815301076,1909f56bfc062723c751e8b465ee728b)
Start importing Assets/ScriptTemplates using Guid(8c00361129d75a941a732ef88e326a4f) Importer(815301076,1909f56bfc062723c751e8b465ee728b)  -> (artifact id: '771fb22a6f79bc29e732812a881ed721') in 0.013538 seconds
  Import took 0.016149 seconds .

========================================================================
Received Import Request.
  Time since last request: 0.000765 seconds.
  path: Assets/ScriptTemplates
  artifactKey: Guid(8c00361129d75a941a732ef88e326a4f) Importer(815301076,1909f56bfc062723c751e8b465ee728b)
Start importing Assets/ScriptTemplates using Guid(8c00361129d75a941a732ef88e326a4f) Importer(815301076,1909f56bfc062723c751e8b465ee728b)  -> (artifact id: '771fb22a6f79bc29e732812a881ed721') in 0.002032 seconds
  Import took 0.004860 seconds .

========================================================================
Received Import Request.
  Time since last request: 3.137012 seconds.
  path: Assets/ScriptTemplates/50-Mirror__Network Manager-NewNetworkManager.cs.txt
  artifactKey: Guid(ed73cc79a95879d4abd948a36043c798) Importer(815301076,1909f56bfc062723c751e8b465ee728b)
Start importing Assets/ScriptTemplates/50-Mirror__Network Manager-NewNetworkManager.cs.txt using Guid(ed73cc79a95879d4abd948a36043c798) Importer(815301076,1909f56bfc062723c751e8b465ee728b)  -> (artifact id: '51ba38484f77e7d12dcac43ea46b2d1e') in 0.055597 seconds
  Import took 0.057906 seconds .

========================================================================
Received Prepare
Registering precompiled user dll's ...
Registered in 0.002266 seconds.
Begin MonoManager ReloadAssembly
Native extension for WindowsStandalone target not found
Refreshing native plugins compatible for Editor in 0.74 ms, found 0 plugins.
Preloading 0 native plugins for Editor in 0.00 ms.
Invoked RoslynAnalysisRunner static constructor.
RoslynAnalysisRunner will not be running.
Temp/RoslynAnalysisRunner has been deleted.
RoslynAnalysisRunner has terminated.
Mono: successfully reloaded assembly
- Completed reload, in  0.992 seconds
Platform modules already initialized, skipping
Refreshing native plugins compatible for Editor in 0.28 ms, found 0 plugins.
Preloading 0 native plugins for Editor in 0.00 ms.
Unloading 1348 Unused Serialized files (Serialized files now loaded: 0)
System memory in use before: 63.7 MB.
System memory in use after: 63.8 MB.

Unloading 10 unused Assets to reduce memory usage. Loaded Objects now: 1799.
Total: 2.867600 ms (FindLiveObjects: 0.273100 ms CreateObjectMapping: 0.104300 ms MarkObjects: 2.432700 ms  DeleteObjects: 0.055500 ms)

========================================================================
Received Import Request.
  Time since last request: 79.539874 seconds.
  path: Assets/ScriptTemplates/56-Mirror__Network Discovery-NewNetworkDiscovery.cs.txt
  artifactKey: Guid(04337367db30af3459bf9e9f3f880734) Importer(815301076,1909f56bfc062723c751e8b465ee728b)
Start importing Assets/ScriptTemplates/56-Mirror__Network Discovery-NewNetworkDiscovery.cs.txt using Guid(04337367db30af3459bf9e9f3f880734) Importer(815301076,1909f56bfc062723c751e8b465ee728b)  -> (artifact id: 'd1c3daa698d13df8355eba62c3a48b9d') in 0.029628 seconds
  Import took 0.032951 seconds .

========================================================================
Received Import Request.
  Time since last request: 0.000788 seconds.
  path: Assets/ScriptTemplates/56-Mirror__Network Discovery-NewNetworkDiscovery.cs.txt
  artifactKey: Guid(04337367db30af3459bf9e9f3f880734) Importer(815301076,1909f56bfc062723c751e8b465ee728b)
Start importing Assets/ScriptTemplates/56-Mirror__Network Discovery-NewNetworkDiscovery.cs.txt using Guid(04337367db30af3459bf9e9f3f880734) Importer(815301076,1909f56bfc062723c751e8b465ee728b)  -> (artifact id: 'd1c3daa698d13df8355eba62c3a48b9d') in 0.003260 seconds
  Import took 0.005680 seconds .

AssetImportWorkerClient::OnTransportError - code=2 error=End of file
